0 info it worked if it ends with ok
1 verbose cli [ 'C:\\Program Files\\nodejs\\node.exe',
1 verbose cli   'C:\\Program Files\\nodejs\\node_modules\\npm\\bin\\npm-cli.js',
1 verbose cli   'start' ]
2 info using npm@3.10.10
3 info using node@v6.10.3
4 verbose run-script [ 'prestart', 'start', 'poststart' ]
5 info lifecycle typescript-staffboard@0.0.1~prestart: typescript-staffboard@0.0.1
6 verbose lifecycle typescript-staffboard@0.0.1~prestart: unsafe-perm in lifecycle true
7 verbose lifecycle typescript-staffboard@0.0.1~prestart: PATH: C:\Program Files\nodejs\node_modules\npm\bin\node-gyp-bin;C:\node\typescript-staffboard\node_modules\.bin;C:\ProgramData\Oracle\Java\javapath;C:\Windows\system32;C:\Windows;C:\Windows\System32\Wbem;C:\Windows\System32\WindowsPowerShell\v1.0\;C:\Program Files (x86)\Shoreline Communications\ShoreWare Client\;C:\Program Files (x86)\Shoreline Communications\ShoreWare Client\win64;C:\Program Files (x86)\ShoreTel\ShoreTel 3rd Party\;C:\Program Files (x86)\PuTTY\;C:\Program Files (x86)\Microsoft SQL Server\110\Tools\Binn\;C:\Program Files\Microsoft SQL Server\110\Tools\Binn\;C:\Program Files (x86)\Microsoft SQL Server\110\Tools\Binn\ManagementStudio\;C:\Program Files (x86)\Microsoft SQL Server\110\DTS\Binn\;C:\Windows\System32\WindowsPowerShell\v1.0\;C:\Windows\System32\Windows System Resource Manager\bin;C:\Windows\idmu\common;C:\Program Files\Microsoft\Exchange Server\V14\bin;C:\Program Files\Microsoft SQL Server\Client SDK\ODBC\110\Tools\Binn\;C:\Program Files (x86)\Microsoft SQL Server\120\Tools\Binn\;C:\Program Files\Microsoft SQL Server\120\Tools\Binn\;C:\Program Files\Microsoft SQL Server\120\DTS\Binn\;C:\Program Files (x86)\Microsoft SQL Server\120\Tools\Binn\ManagementStudio\;C:\Program Files (x86)\Microsoft SQL Server\120\DTS\Binn\;C:\Program Files (x86)\Git\cmd;C:\Program Files\nodejs\;C:\Windows\System32\WindowsPowerShell\v1.0\;C:\Program Files\MongoDB\Server\3.4\bin;C:\Program Files\Windows Imaging\;;C:\Program Files (x86)\Microsoft VS Code\bin;C:\Users\is04gc\AppData\Roaming\npm;C:\Program Files\Heroku\bin
8 verbose lifecycle typescript-staffboard@0.0.1~prestart: CWD: C:\node\typescript-staffboard
9 silly lifecycle typescript-staffboard@0.0.1~prestart: Args: [ '/d /s /c', 'npm run html && npm run css' ]
10 silly lifecycle typescript-staffboard@0.0.1~prestart: Returned: code: 0  signal: null
11 info lifecycle typescript-staffboard@0.0.1~start: typescript-staffboard@0.0.1
12 verbose lifecycle typescript-staffboard@0.0.1~start: unsafe-perm in lifecycle true
13 verbose lifecycle typescript-staffboard@0.0.1~start: PATH: C:\Program Files\nodejs\node_modules\npm\bin\node-gyp-bin;C:\node\typescript-staffboard\node_modules\.bin;C:\ProgramData\Oracle\Java\javapath;C:\Windows\system32;C:\Windows;C:\Windows\System32\Wbem;C:\Windows\System32\WindowsPowerShell\v1.0\;C:\Program Files (x86)\Shoreline Communications\ShoreWare Client\;C:\Program Files (x86)\Shoreline Communications\ShoreWare Client\win64;C:\Program Files (x86)\ShoreTel\ShoreTel 3rd Party\;C:\Program Files (x86)\PuTTY\;C:\Program Files (x86)\Microsoft SQL Server\110\Tools\Binn\;C:\Program Files\Microsoft SQL Server\110\Tools\Binn\;C:\Program Files (x86)\Microsoft SQL Server\110\Tools\Binn\ManagementStudio\;C:\Program Files (x86)\Microsoft SQL Server\110\DTS\Binn\;C:\Windows\System32\WindowsPowerShell\v1.0\;C:\Windows\System32\Windows System Resource Manager\bin;C:\Windows\idmu\common;C:\Program Files\Microsoft\Exchange Server\V14\bin;C:\Program Files\Microsoft SQL Server\Client SDK\ODBC\110\Tools\Binn\;C:\Program Files (x86)\Microsoft SQL Server\120\Tools\Binn\;C:\Program Files\Microsoft SQL Server\120\Tools\Binn\;C:\Program Files\Microsoft SQL Server\120\DTS\Binn\;C:\Program Files (x86)\Microsoft SQL Server\120\Tools\Binn\ManagementStudio\;C:\Program Files (x86)\Microsoft SQL Server\120\DTS\Binn\;C:\Program Files (x86)\Git\cmd;C:\Program Files\nodejs\;C:\Windows\System32\WindowsPowerShell\v1.0\;C:\Program Files\MongoDB\Server\3.4\bin;C:\Program Files\Windows Imaging\;;C:\Program Files (x86)\Microsoft VS Code\bin;C:\Users\is04gc\AppData\Roaming\npm;C:\Program Files\Heroku\bin
14 verbose lifecycle typescript-staffboard@0.0.1~start: CWD: C:\node\typescript-staffboard
15 silly lifecycle typescript-staffboard@0.0.1~start: Args: [ '/d /s /c', 'nodemon ./build/server.js' ]
16 silly lifecycle typescript-staffboard@0.0.1~start: Returned: code: 3221225786  signal: null
17 info lifecycle typescript-staffboard@0.0.1~start: Failed to exec start script
18 verbose stack Error: typescript-staffboard@0.0.1 start: `nodemon ./build/server.js`
18 verbose stack Exit status 3221225786
18 verbose stack     at EventEmitter.<anonymous> (C:\Program Files\nodejs\node_modules\npm\lib\utils\lifecycle.js:255:16)
18 verbose stack     at emitTwo (events.js:106:13)
18 verbose stack     at EventEmitter.emit (events.js:191:7)
18 verbose stack     at ChildProcess.<anonymous> (C:\Program Files\nodejs\node_modules\npm\lib\utils\spawn.js:40:14)
18 verbose stack     at emitTwo (events.js:106:13)
18 verbose stack     at ChildProcess.emit (events.js:191:7)
18 verbose stack     at maybeClose (internal/child_process.js:886:16)
18 verbose stack     at Process.ChildProcess._handle.onexit (internal/child_process.js:226:5)
19 verbose pkgid typescript-staffboard@0.0.1
20 verbose cwd C:\node\typescript-staffboard
21 error Windows_NT 6.1.7601
22 error argv "C:\\Program Files\\nodejs\\node.exe" "C:\\Program Files\\nodejs\\node_modules\\npm\\bin\\npm-cli.js" "start"
23 error node v6.10.3
24 error npm  v3.10.10
25 error code ELIFECYCLE
26 error typescript-staffboard@0.0.1 start: `nodemon ./build/server.js`
26 error Exit status 3221225786
27 error Failed at the typescript-staffboard@0.0.1 start script 'nodemon ./build/server.js'.
27 error Make sure you have the latest version of node.js and npm installed.
27 error If you do, this is most likely a problem with the typescript-staffboard package,
27 error not with npm itself.
27 error Tell the author that this fails on your system:
27 error     nodemon ./build/server.js
27 error You can get information on how to open an issue for this project with:
27 error     npm bugs typescript-staffboard
27 error Or if that isn't available, you can get their info via:
27 error     npm owner ls typescript-staffboard
27 error There is likely additional logging output above.
28 verbose exit [ 1, true ]
